<?xml version="1.0" encoding="utf-8"?>
<coverage line-rate="0.9398000000000001" branch-rate="0.9375" version="1.9" timestamp="1767907445" lines-covered="328" lines-valid="349" branches-covered="15" branches-valid="16">
  <sources>
    <source>C:\Users\alexandre.santos\source\repos\alealencarr\TechChallenge_Microservice_Categories\</source>
  </sources>
  <packages>
    <package name="Application" line-rate="0.9569" branch-rate="0.9375" complexity="45">
      <classes>
        <class name="Application.UseCases.Categories.CreateCategorieUseCase" filename="Application\UseCases\Categories\CreateCategorieUseCase.cs" line-rate="1" branch-rate="1" complexity="2">
          <methods>
            <method name="Create" signature="(Application.Gateways.CategorieGateway)" line-rate="1" branch-rate="1" complexity="1">
              <lines>
                <line number="10" hits="9" branch="False" />
                <line number="11" hits="9" branch="False" />
                <line number="12" hits="9" branch="False" />
              </lines>
            </method>
            <method name=".ctor" signature="(Application.Gateways.CategorieGateway)" line-rate="1" branch-rate="1" complexity="1">
              <lines>
                <line number="8" hits="9" branch="False" />
                <line number="14" hits="9" branch="False" />
                <line number="15" hits="9" branch="False" />
                <line number="16" hits="9" branch="False" />
                <line number="17" hits="9" branch="False" />
              </lines>
            </method>
          </methods>
          <lines>
            <line number="10" hits="9" branch="False" />
            <line number="11" hits="9" branch="False" />
            <line number="12" hits="9" branch="False" />
            <line number="8" hits="9" branch="False" />
            <line number="14" hits="9" branch="False" />
            <line number="15" hits="9" branch="False" />
            <line number="16" hits="9" branch="False" />
            <line number="17" hits="9" branch="False" />
          </lines>
        </class>
        <class name="Application.UseCases.Categories.CreateCategorieUseCase/&lt;Run&gt;d__3" filename="Application\UseCases\Categories\CreateCategorieUseCase.cs" line-rate="1" branch-rate="1" complexity="2">
          <methods>
            <method name="MoveNext" signature="()" line-rate="1" branch-rate="1" complexity="2">
              <lines>
                <line number="20" hits="9" branch="False" />
                <line number="22" hits="9" branch="False" />
                <line number="23" hits="9" branch="False" />
                <line number="25" hits="6" branch="True" condition-coverage="100% (2/2)">
                  <conditions>
                    <condition number="190" type="jump" coverage="100%" />
                  </conditions>
                </line>
                <line number="26" hits="2" branch="False" />
                <line number="28" hits="4" branch="False" />
                <line number="30" hits="4" branch="False" />
                <line number="32" hits="4" branch="False" />
                <line number="34" hits="1" branch="False" />
                <line number="35" hits="1" branch="False" />
                <line number="36" hits="1" branch="False" />
                <line number="38" hits="2" branch="False" />
                <line number="39" hits="2" branch="False" />
                <line number="40" hits="2" branch="False" />
                <line number="42" hits="6" branch="False" />
              </lines>
            </method>
          </methods>
          <lines>
            <line number="20" hits="9" branch="False" />
            <line number="22" hits="9" branch="False" />
            <line number="23" hits="9" branch="False" />
            <line number="25" hits="6" branch="True" condition-coverage="100% (2/2)">
              <conditions>
                <condition number="190" type="jump" coverage="100%" />
              </conditions>
            </line>
            <line number="26" hits="2" branch="False" />
            <line number="28" hits="4" branch="False" />
            <line number="30" hits="4" branch="False" />
            <line number="32" hits="4" branch="False" />
            <line number="34" hits="1" branch="False" />
            <line number="35" hits="1" branch="False" />
            <line number="36" hits="1" branch="False" />
            <line number="38" hits="2" branch="False" />
            <line number="39" hits="2" branch="False" />
            <line number="40" hits="2" branch="False" />
            <line number="42" hits="6" branch="False" />
          </lines>
        </class>
        <class name="Application.UseCases.Categories.DeleteCategorieUseCase" filename="Application\UseCases\Categories\DeleteCategorieUseCase.cs" line-rate="1" branch-rate="1" complexity="2">
          <methods>
            <method name="Create" signature="(Application.Gateways.CategorieGateway)" line-rate="1" branch-rate="1" complexity="1">
              <lines>
                <line number="10" hits="4" branch="False" />
                <line number="11" hits="4" branch="False" />
                <line number="12" hits="4" branch="False" />
              </lines>
            </method>
            <method name=".ctor" signature="(Application.Gateways.CategorieGateway)" line-rate="1" branch-rate="1" complexity="1">
              <lines>
                <line number="7" hits="4" branch="False" />
                <line number="14" hits="4" branch="False" />
                <line number="15" hits="4" branch="False" />
                <line number="16" hits="4" branch="False" />
                <line number="17" hits="4" branch="False" />
              </lines>
            </method>
          </methods>
          <lines>
            <line number="10" hits="4" branch="False" />
            <line number="11" hits="4" branch="False" />
            <line number="12" hits="4" branch="False" />
            <line number="7" hits="4" branch="False" />
            <line number="14" hits="4" branch="False" />
            <line number="15" hits="4" branch="False" />
            <line number="16" hits="4" branch="False" />
            <line number="17" hits="4" branch="False" />
          </lines>
        </class>
        <class name="Application.UseCases.Categories.DeleteCategorieUseCase/&lt;Run&gt;d__3" filename="Application\UseCases\Categories\DeleteCategorieUseCase.cs" line-rate="1" branch-rate="1" complexity="2">
          <methods>
            <method name="MoveNext" signature="()" line-rate="1" branch-rate="1" complexity="2">
              <lines>
                <line number="20" hits="4" branch="False" />
                <line number="22" hits="4" branch="False" />
                <line number="23" hits="4" branch="False" />
                <line number="25" hits="3" branch="True" condition-coverage="100% (2/2)">
                  <conditions>
                    <condition number="183" type="jump" coverage="100%" />
                  </conditions>
                </line>
                <line number="26" hits="1" branch="False" />
                <line number="28" hits="2" branch="False" />
                <line number="29" hits="2" branch="False" />
                <line number="30" hits="2" branch="False" />
                <line number="31" hits="2" branch="False" />
                <line number="32" hits="2" branch="False" />
                <line number="34" hits="2" branch="False" />
              </lines>
            </method>
          </methods>
          <lines>
            <line number="20" hits="4" branch="False" />
            <line number="22" hits="4" branch="False" />
            <line number="23" hits="4" branch="False" />
            <line number="25" hits="3" branch="True" condition-coverage="100% (2/2)">
              <conditions>
                <condition number="183" type="jump" coverage="100%" />
              </conditions>
            </line>
            <line number="26" hits="1" branch="False" />
            <line number="28" hits="2" branch="False" />
            <line number="29" hits="2" branch="False" />
            <line number="30" hits="2" branch="False" />
            <line number="31" hits="2" branch="False" />
            <line number="32" hits="2" branch="False" />
            <line number="34" hits="2" branch="False" />
          </lines>
        </class>
        <class name="Application.UseCases.Categories.GetAllCategoriesUseCase" filename="Application\UseCases\Categories\GetAllCategoriesUseCase.cs" line-rate="1" branch-rate="1" complexity="2">
          <methods>
            <method name="Create" signature="(Application.Gateways.CategorieGateway)" line-rate="1" branch-rate="1" complexity="1">
              <lines>
                <line number="10" hits="4" branch="False" />
                <line number="11" hits="4" branch="False" />
                <line number="12" hits="4" branch="False" />
              </lines>
            </method>
            <method name=".ctor" signature="(Application.Gateways.CategorieGateway)" line-rate="1" branch-rate="1" complexity="1">
              <lines>
                <line number="8" hits="4" branch="False" />
                <line number="14" hits="4" branch="False" />
                <line number="15" hits="4" branch="False" />
                <line number="16" hits="4" branch="False" />
                <line number="17" hits="4" branch="False" />
              </lines>
            </method>
          </methods>
          <lines>
            <line number="10" hits="4" branch="False" />
            <line number="11" hits="4" branch="False" />
            <line number="12" hits="4" branch="False" />
            <line number="8" hits="4" branch="False" />
            <line number="14" hits="4" branch="False" />
            <line number="15" hits="4" branch="False" />
            <line number="16" hits="4" branch="False" />
            <line number="17" hits="4" branch="False" />
          </lines>
        </class>
        <class name="Application.UseCases.Categories.GetAllCategoriesUseCase/&lt;Run&gt;d__3" filename="Application\UseCases\Categories\GetAllCategoriesUseCase.cs" line-rate="1" branch-rate="1" complexity="1">
          <methods>
            <method name="MoveNext" signature="()" line-rate="1" branch-rate="1" complexity="1">
              <lines>
                <line number="20" hits="4" branch="False" />
                <line number="22" hits="4" branch="False" />
                <line number="23" hits="4" branch="False" />
                <line number="25" hits="3" branch="False" />
                <line number="27" hits="1" branch="False" />
                <line number="28" hits="1" branch="False" />
                <line number="29" hits="1" branch="False" />
                <line number="31" hits="3" branch="False" />
              </lines>
            </method>
          </methods>
          <lines>
            <line number="20" hits="4" branch="False" />
            <line number="22" hits="4" branch="False" />
            <line number="23" hits="4" branch="False" />
            <line number="25" hits="3" branch="False" />
            <line number="27" hits="1" branch="False" />
            <line number="28" hits="1" branch="False" />
            <line number="29" hits="1" branch="False" />
            <line number="31" hits="3" branch="False" />
          </lines>
        </class>
        <class name="Application.UseCases.Categories.GetCategorieByIdUseCase" filename="Application\UseCases\Categories\GetCategorieByIdUseCase.cs" line-rate="1" branch-rate="1" complexity="2">
          <methods>
            <method name="Create" signature="(Application.Gateways.CategorieGateway)" line-rate="1" branch-rate="1" complexity="1">
              <lines>
                <line number="10" hits="5" branch="False" />
                <line number="11" hits="5" branch="False" />
                <line number="12" hits="5" branch="False" />
              </lines>
            </method>
            <method name=".ctor" signature="(Application.Gateways.CategorieGateway)" line-rate="1" branch-rate="1" complexity="1">
              <lines>
                <line number="8" hits="5" branch="False" />
                <line number="14" hits="5" branch="False" />
                <line number="15" hits="5" branch="False" />
                <line number="16" hits="5" branch="False" />
                <line number="17" hits="5" branch="False" />
              </lines>
            </method>
          </methods>
          <lines>
            <line number="10" hits="5" branch="False" />
            <line number="11" hits="5" branch="False" />
            <line number="12" hits="5" branch="False" />
            <line number="8" hits="5" branch="False" />
            <line number="14" hits="5" branch="False" />
            <line number="15" hits="5" branch="False" />
            <line number="16" hits="5" branch="False" />
            <line number="17" hits="5" branch="False" />
          </lines>
        </class>
        <class name="Application.UseCases.Categories.GetCategorieByIdUseCase/&lt;Run&gt;d__3" filename="Application\UseCases\Categories\GetCategorieByIdUseCase.cs" line-rate="1" branch-rate="1" complexity="1">
          <methods>
            <method name="MoveNext" signature="()" line-rate="1" branch-rate="1" complexity="1">
              <lines>
                <line number="20" hits="5" branch="False" />
                <line number="22" hits="5" branch="False" />
                <line number="23" hits="5" branch="False" />
                <line number="25" hits="4" branch="False" />
                <line number="27" hits="1" branch="False" />
                <line number="28" hits="1" branch="False" />
                <line number="29" hits="1" branch="False" />
                <line number="31" hits="4" branch="False" />
              </lines>
            </method>
          </methods>
          <lines>
            <line number="20" hits="5" branch="False" />
            <line number="22" hits="5" branch="False" />
            <line number="23" hits="5" branch="False" />
            <line number="25" hits="4" branch="False" />
            <line number="27" hits="1" branch="False" />
            <line number="28" hits="1" branch="False" />
            <line number="29" hits="1" branch="False" />
            <line number="31" hits="4" branch="False" />
          </lines>
        </class>
        <class name="Application.UseCases.Categories.UpdateCategorieUseCase" filename="Application\UseCases\Categories\UpdateCategorieUseCase.cs" line-rate="1" branch-rate="1" complexity="2">
          <methods>
            <method name="Create" signature="(Application.Gateways.CategorieGateway)" line-rate="1" branch-rate="1" complexity="1">
              <lines>
                <line number="12" hits="4" branch="False" />
                <line number="13" hits="4" branch="False" />
                <line number="14" hits="4" branch="False" />
              </lines>
            </method>
            <method name=".ctor" signature="(Application.Gateways.CategorieGateway)" line-rate="1" branch-rate="1" complexity="1">
              <lines>
                <line number="10" hits="4" branch="False" />
                <line number="16" hits="4" branch="False" />
                <line number="17" hits="4" branch="False" />
                <line number="18" hits="4" branch="False" />
                <line number="19" hits="4" branch="False" />
              </lines>
            </method>
          </methods>
          <lines>
            <line number="12" hits="4" branch="False" />
            <line number="13" hits="4" branch="False" />
            <line number="14" hits="4" branch="False" />
            <line number="10" hits="4" branch="False" />
            <line number="16" hits="4" branch="False" />
            <line number="17" hits="4" branch="False" />
            <line number="18" hits="4" branch="False" />
            <line number="19" hits="4" branch="False" />
          </lines>
        </class>
        <class name="Application.UseCases.Categories.UpdateCategorieUseCase/&lt;Run&gt;d__3" filename="Application\UseCases\Categories\UpdateCategorieUseCase.cs" line-rate="0.8125" branch-rate="1" complexity="2">
          <methods>
            <method name="MoveNext" signature="()" line-rate="0.8125" branch-rate="1" complexity="2">
              <lines>
                <line number="22" hits="4" branch="False" />
                <line number="24" hits="4" branch="False" />
                <line number="25" hits="4" branch="False" />
                <line number="27" hits="4" branch="True" condition-coverage="100% (2/2)">
                  <conditions>
                    <condition number="185" type="jump" coverage="100%" />
                  </conditions>
                </line>
                <line number="28" hits="2" branch="False" />
                <line number="30" hits="2" branch="False" />
                <line number="31" hits="2" branch="False" />
                <line number="33" hits="2" branch="False" />
                <line number="35" hits="2" branch="False" />
                <line number="37" hits="0" branch="False" />
                <line number="38" hits="0" branch="False" />
                <line number="39" hits="0" branch="False" />
                <line number="41" hits="2" branch="False" />
                <line number="42" hits="2" branch="False" />
                <line number="43" hits="2" branch="False" />
                <line number="45" hits="2" branch="False" />
              </lines>
            </method>
          </methods>
          <lines>
            <line number="22" hits="4" branch="False" />
            <line number="24" hits="4" branch="False" />
            <line number="25" hits="4" branch="False" />
            <line number="27" hits="4" branch="True" condition-coverage="100% (2/2)">
              <conditions>
                <condition number="185" type="jump" coverage="100%" />
              </conditions>
            </line>
            <line number="28" hits="2" branch="False" />
            <line number="30" hits="2" branch="False" />
            <line number="31" hits="2" branch="False" />
            <line number="33" hits="2" branch="False" />
            <line number="35" hits="2" branch="False" />
            <line number="37" hits="0" branch="False" />
            <line number="38" hits="0" branch="False" />
            <line number="39" hits="0" branch="False" />
            <line number="41" hits="2" branch="False" />
            <line number="42" hits="2" branch="False" />
            <line number="43" hits="2" branch="False" />
            <line number="45" hits="2" branch="False" />
          </lines>
        </class>
        <class name="Application.Presenter.Categories.CategoriePresenter" filename="Application\Presenter\Categories\CategoriePresenter.cs" line-rate="1" branch-rate="0.5" complexity="8">
          <methods>
            <method name="TransformObject" signature="(Domain.Entities.Categorie)" line-rate="1" branch-rate="1" complexity="1">
              <lines>
                <line number="12" hits="3" branch="False" />
                <line number="13" hits="3" branch="False" />
                <line number="14" hits="3" branch="False" />
              </lines>
            </method>
            <method name="TransformList" signature="(System.Collections.Generic.List`1&lt;Domain.Entities.Categorie&gt;)" line-rate="1" branch-rate="1" complexity="1">
              <lines>
                <line number="17" hits="1" branch="False" />
                <line number="18" hits="2" branch="False" />
                <line number="19" hits="1" branch="False" />
              </lines>
            </method>
            <method name="Transform" signature="(Domain.Entities.Categorie)" line-rate="1" branch-rate="1" complexity="1">
              <lines>
                <line number="22" hits="4" branch="False" />
                <line number="23" hits="4" branch="False" />
                <line number="24" hits="4" branch="False" />
              </lines>
            </method>
            <method name="Error" signature="(System.String)" line-rate="1" branch-rate="1" complexity="1">
              <lines>
                <line number="27" hits="4" branch="False" />
                <line number="28" hits="4" branch="False" />
                <line number="29" hits="4" branch="False" />
              </lines>
            </method>
            <method name="Conflict" signature="(System.String)" line-rate="1" branch-rate="1" complexity="1">
              <lines>
                <line number="32" hits="1" branch="False" />
                <line number="33" hits="1" branch="False" />
                <line number="34" hits="1" branch="False" />
              </lines>
            </method>
            <method name="RetornoSucess" signature="()" line-rate="1" branch-rate="1" complexity="1">
              <lines>
                <line number="37" hits="1" branch="False" />
                <line number="38" hits="1" branch="False" />
                <line number="39" hits="1" branch="False" />
              </lines>
            </method>
            <method name=".ctor" signature="(System.String)" line-rate="1" branch-rate="0.5" complexity="2">
              <lines>
                <line number="10" hits="40" branch="True" condition-coverage="50% (1/2)">
                  <conditions>
                    <condition number="11" type="jump" coverage="50%" />
                  </conditions>
                </line>
              </lines>
            </method>
          </methods>
          <lines>
            <line number="12" hits="3" branch="False" />
            <line number="13" hits="3" branch="False" />
            <line number="14" hits="3" branch="False" />
            <line number="17" hits="1" branch="False" />
            <line number="18" hits="2" branch="False" />
            <line number="19" hits="1" branch="False" />
            <line number="22" hits="4" branch="False" />
            <line number="23" hits="4" branch="False" />
            <line number="24" hits="4" branch="False" />
            <line number="27" hits="4" branch="False" />
            <line number="28" hits="4" branch="False" />
            <line number="29" hits="4" branch="False" />
            <line number="32" hits="1" branch="False" />
            <line number="33" hits="1" branch="False" />
            <line number="34" hits="1" branch="False" />
            <line number="37" hits="1" branch="False" />
            <line number="38" hits="1" branch="False" />
            <line number="39" hits="1" branch="False" />
            <line number="10" hits="40" branch="True" condition-coverage="50% (1/2)">
              <conditions>
                <condition number="11" type="jump" coverage="50%" />
              </conditions>
            </line>
          </lines>
        </class>
        <class name="Application.Gateways.CategorieGateway" filename="Application\Gateways\CategorieGateway.cs" line-rate="1" branch-rate="1" complexity="2">
          <methods>
            <method name="Create" signature="(Application.Interfaces.DataSources.ICategorieDataSource)" line-rate="1" branch-rate="1" complexity="1">
              <lines>
                <line number="16" hits="26" branch="False" />
                <line number="17" hits="26" branch="False" />
                <line number="18" hits="26" branch="False" />
              </lines>
            </method>
            <method name=".ctor" signature="(Application.Interfaces.DataSources.ICategorieDataSource)" line-rate="1" branch-rate="1" complexity="1">
              <lines>
                <line number="11" hits="26" branch="False" />
                <line number="12" hits="26" branch="False" />
                <line number="13" hits="26" branch="False" />
                <line number="14" hits="26" branch="False" />
              </lines>
            </method>
          </methods>
          <lines>
            <line number="16" hits="26" branch="False" />
            <line number="17" hits="26" branch="False" />
            <line number="18" hits="26" branch="False" />
            <line number="11" hits="26" branch="False" />
            <line number="12" hits="26" branch="False" />
            <line number="13" hits="26" branch="False" />
            <line number="14" hits="26" branch="False" />
          </lines>
        </class>
        <class name="Application.Gateways.CategorieGateway/&lt;&gt;c" filename="Application\Gateways\CategorieGateway.cs" line-rate="1" branch-rate="1" complexity="1">
          <methods>
            <method name="&lt;GetAll&gt;b__3_0" signature="(Shared.DTO.Categorie.Input.CategorieInputDto)" line-rate="1" branch-rate="1" complexity="1">
              <lines>
                <line number="23" hits="6" branch="False" />
              </lines>
            </method>
          </methods>
          <lines>
            <line number="23" hits="6" branch="False" />
          </lines>
        </class>
        <class name="Application.Gateways.CategorieGateway/&lt;CreateCategorie&gt;d__6" filename="Application\Gateways\CategorieGateway.cs" line-rate="1" branch-rate="1" complexity="1">
          <methods>
            <method name="MoveNext" signature="()" line-rate="1" branch-rate="1" complexity="1">
              <lines>
                <line number="40" hits="4" branch="False" />
                <line number="41" hits="4" branch="False" />
                <line number="43" hits="4" branch="False" />
                <line number="44" hits="4" branch="False" />
              </lines>
            </method>
          </methods>
          <lines>
            <line number="40" hits="4" branch="False" />
            <line number="41" hits="4" branch="False" />
            <line number="43" hits="4" branch="False" />
            <line number="44" hits="4" branch="False" />
          </lines>
        </class>
        <class name="Application.Gateways.CategorieGateway/&lt;Delete&gt;d__4" filename="Application\Gateways\CategorieGateway.cs" line-rate="1" branch-rate="1" complexity="1">
          <methods>
            <method name="MoveNext" signature="()" line-rate="1" branch-rate="1" complexity="1">
              <lines>
                <line number="27" hits="2" branch="False" />
                <line number="28" hits="2" branch="False" />
                <line number="29" hits="2" branch="False" />
              </lines>
            </method>
          </methods>
          <lines>
            <line number="27" hits="2" branch="False" />
            <line number="28" hits="2" branch="False" />
            <line number="29" hits="2" branch="False" />
          </lines>
        </class>
        <class name="Application.Gateways.CategorieGateway/&lt;GetAll&gt;d__3" filename="Application\Gateways\CategorieGateway.cs" line-rate="1" branch-rate="1" complexity="1">
          <methods>
            <method name="MoveNext" signature="()" line-rate="1" branch-rate="1" complexity="1">
              <lines>
                <line number="20" hits="4" branch="False" />
                <line number="21" hits="4" branch="False" />
                <line number="24" hits="3" branch="False" />
              </lines>
            </method>
          </methods>
          <lines>
            <line number="20" hits="4" branch="False" />
            <line number="21" hits="4" branch="False" />
            <line number="24" hits="3" branch="False" />
          </lines>
        </class>
        <class name="Application.Gateways.CategorieGateway/&lt;GetById&gt;d__5" filename="Application\Gateways\CategorieGateway.cs" line-rate="1" branch-rate="1" complexity="2">
          <methods>
            <method name="MoveNext" signature="()" line-rate="1" branch-rate="1" complexity="2">
              <lines>
                <line number="33" hits="13" branch="False" />
                <line number="34" hits="13" branch="False" />
                <line number="36" hits="11" branch="True" condition-coverage="100% (2/2)">
                  <conditions>
                    <condition number="157" type="jump" coverage="100%" />
                  </conditions>
                </line>
                <line number="37" hits="11" branch="False" />
              </lines>
            </method>
          </methods>
          <lines>
            <line number="33" hits="13" branch="False" />
            <line number="34" hits="13" branch="False" />
            <line number="36" hits="11" branch="True" condition-coverage="100% (2/2)">
              <conditions>
                <condition number="157" type="jump" coverage="100%" />
              </conditions>
            </line>
            <line number="37" hits="11" branch="False" />
          </lines>
        </class>
        <class name="Application.Gateways.CategorieGateway/&lt;GetByName&gt;d__8" filename="Application\Gateways\CategorieGateway.cs" line-rate="1" branch-rate="1" complexity="2">
          <methods>
            <method name="MoveNext" signature="()" line-rate="1" branch-rate="1" complexity="2">
              <lines>
                <line number="53" hits="9" branch="False" />
                <line number="54" hits="9" branch="False" />
                <line number="56" hits="6" branch="True" condition-coverage="100% (2/2)">
                  <conditions>
                    <condition number="157" type="jump" coverage="100%" />
                  </conditions>
                </line>
                <line number="57" hits="6" branch="False" />
              </lines>
            </method>
          </methods>
          <lines>
            <line number="53" hits="9" branch="False" />
            <line number="54" hits="9" branch="False" />
            <line number="56" hits="6" branch="True" condition-coverage="100% (2/2)">
              <conditions>
                <condition number="157" type="jump" coverage="100%" />
              </conditions>
            </line>
            <line number="57" hits="6" branch="False" />
          </lines>
        </class>
        <class name="Application.Gateways.CategorieGateway/&lt;UpdateCategorie&gt;d__7" filename="Application\Gateways\CategorieGateway.cs" line-rate="1" branch-rate="1" complexity="1">
          <methods>
            <method name="MoveNext" signature="()" line-rate="1" branch-rate="1" complexity="1">
              <lines>
                <line number="47" hits="2" branch="False" />
                <line number="48" hits="2" branch="False" />
                <line number="50" hits="2" branch="False" />
                <line number="51" hits="2" branch="False" />
              </lines>
            </method>
          </methods>
          <lines>
            <line number="47" hits="2" branch="False" />
            <line number="48" hits="2" branch="False" />
            <line number="50" hits="2" branch="False" />
            <line number="51" hits="2" branch="False" />
          </lines>
        </class>
        <class name="Application.Controllers.Categories.CategorieController" filename="Application\Controllers\Categories\CategorieController.cs" line-rate="1" branch-rate="1" complexity="1">
          <methods>
            <method name=".ctor" signature="(Application.Interfaces.DataSources.ICategorieDataSource)" line-rate="1" branch-rate="1" complexity="1">
              <lines>
                <line number="14" hits="10" branch="False" />
                <line number="15" hits="10" branch="False" />
                <line number="16" hits="10" branch="False" />
                <line number="17" hits="10" branch="False" />
              </lines>
            </method>
          </methods>
          <lines>
            <line number="14" hits="10" branch="False" />
            <line number="15" hits="10" branch="False" />
            <line number="16" hits="10" branch="False" />
            <line number="17" hits="10" branch="False" />
          </lines>
        </class>
        <class name="Application.Controllers.Categories.CategorieController/&lt;CreateCategorie&gt;d__4" filename="Application\Controllers\Categories\CategorieController.cs" line-rate="1" branch-rate="1" complexity="2">
          <methods>
            <method name="MoveNext" signature="()" line-rate="1" branch-rate="1" complexity="2">
              <lines>
                <line number="60" hits="3" branch="False" />
                <line number="61" hits="3" branch="False" />
                <line number="64" hits="3" branch="False" />
                <line number="65" hits="3" branch="False" />
                <line number="66" hits="3" branch="False" />
                <line number="67" hits="3" branch="False" />
                <line number="69" hits="2" branch="True" condition-coverage="100% (2/2)">
                  <conditions>
                    <condition number="233" type="jump" coverage="100%" />
                  </conditions>
                </line>
                <line number="70" hits="1" branch="False" />
                <line number="72" hits="1" branch="False" />
                <line number="74" hits="1" branch="False" />
                <line number="75" hits="1" branch="False" />
                <line number="76" hits="1" branch="False" />
                <line number="78" hits="3" branch="False" />
              </lines>
            </method>
          </methods>
          <lines>
            <line number="60" hits="3" branch="False" />
            <line number="61" hits="3" branch="False" />
            <line number="64" hits="3" branch="False" />
            <line number="65" hits="3" branch="False" />
            <line number="66" hits="3" branch="False" />
            <line number="67" hits="3" branch="False" />
            <line number="69" hits="2" branch="True" condition-coverage="100% (2/2)">
              <conditions>
                <condition number="233" type="jump" coverage="100%" />
              </conditions>
            </line>
            <line number="70" hits="1" branch="False" />
            <line number="72" hits="1" branch="False" />
            <line number="74" hits="1" branch="False" />
            <line number="75" hits="1" branch="False" />
            <line number="76" hits="1" branch="False" />
            <line number="78" hits="3" branch="False" />
          </lines>
        </class>
        <class name="Application.Controllers.Categories.CategorieController/&lt;DeleteCategorie&gt;d__2" filename="Application\Controllers\Categories\CategorieController.cs" line-rate="1" branch-rate="1" complexity="1">
          <methods>
            <method name="MoveNext" signature="()" line-rate="1" branch-rate="1" complexity="1">
              <lines>
                <line number="20" hits="2" branch="False" />
                <line number="21" hits="2" branch="False" />
                <line number="24" hits="2" branch="False" />
                <line number="25" hits="2" branch="False" />
                <line number="27" hits="2" branch="False" />
                <line number="29" hits="2" branch="False" />
                <line number="31" hits="1" branch="False" />
                <line number="33" hits="1" branch="False" />
                <line number="34" hits="1" branch="False" />
                <line number="35" hits="1" branch="False" />
                <line number="37" hits="2" branch="False" />
              </lines>
            </method>
          </methods>
          <lines>
            <line number="20" hits="2" branch="False" />
            <line number="21" hits="2" branch="False" />
            <line number="24" hits="2" branch="False" />
            <line number="25" hits="2" branch="False" />
            <line number="27" hits="2" branch="False" />
            <line number="29" hits="2" branch="False" />
            <line number="31" hits="1" branch="False" />
            <line number="33" hits="1" branch="False" />
            <line number="34" hits="1" branch="False" />
            <line number="35" hits="1" branch="False" />
            <line number="37" hits="2" branch="False" />
          </lines>
        </class>
        <class name="Application.Controllers.Categories.CategorieController/&lt;GetAllCategoriesAsync&gt;d__5" filename="Application\Controllers\Categories\CategorieController.cs" line-rate="0.7272" branch-rate="1" complexity="1">
          <methods>
            <method name="MoveNext" signature="()" line-rate="0.7272" branch-rate="1" complexity="1">
              <lines>
                <line number="80" hits="1" branch="False" />
                <line number="81" hits="1" branch="False" />
                <line number="84" hits="1" branch="False" />
                <line number="85" hits="1" branch="False" />
                <line number="86" hits="1" branch="False" />
                <line number="87" hits="1" branch="False" />
                <line number="89" hits="1" branch="False" />
                <line number="91" hits="0" branch="False" />
                <line number="92" hits="0" branch="False" />
                <line number="93" hits="0" branch="False" />
                <line number="95" hits="1" branch="False" />
              </lines>
            </method>
          </methods>
          <lines>
            <line number="80" hits="1" branch="False" />
            <line number="81" hits="1" branch="False" />
            <line number="84" hits="1" branch="False" />
            <line number="85" hits="1" branch="False" />
            <line number="86" hits="1" branch="False" />
            <line number="87" hits="1" branch="False" />
            <line number="89" hits="1" branch="False" />
            <line number="91" hits="0" branch="False" />
            <line number="92" hits="0" branch="False" />
            <line number="93" hits="0" branch="False" />
            <line number="95" hits="1" branch="False" />
          </lines>
        </class>
        <class name="Application.Controllers.Categories.CategorieController/&lt;GetCategorieByIdAsync&gt;d__6" filename="Application\Controllers\Categories\CategorieController.cs" line-rate="0.7272" branch-rate="1" complexity="2">
          <methods>
            <method name="MoveNext" signature="()" line-rate="0.7272" branch-rate="1" complexity="2">
              <lines>
                <line number="98" hits="2" branch="False" />
                <line number="99" hits="2" branch="False" />
                <line number="102" hits="2" branch="False" />
                <line number="103" hits="2" branch="False" />
                <line number="104" hits="2" branch="False" />
                <line number="105" hits="2" branch="False" />
                <line number="107" hits="2" branch="True" condition-coverage="100% (2/2)">
                  <conditions>
                    <condition number="216" type="jump" coverage="100%" />
                  </conditions>
                </line>
                <line number="109" hits="0" branch="False" />
                <line number="110" hits="0" branch="False" />
                <line number="111" hits="0" branch="False" />
                <line number="113" hits="2" branch="False" />
              </lines>
            </method>
          </methods>
          <lines>
            <line number="98" hits="2" branch="False" />
            <line number="99" hits="2" branch="False" />
            <line number="102" hits="2" branch="False" />
            <line number="103" hits="2" branch="False" />
            <line number="104" hits="2" branch="False" />
            <line number="105" hits="2" branch="False" />
            <line number="107" hits="2" branch="True" condition-coverage="100% (2/2)">
              <conditions>
                <condition number="216" type="jump" coverage="100%" />
              </conditions>
            </line>
            <line number="109" hits="0" branch="False" />
            <line number="110" hits="0" branch="False" />
            <line number="111" hits="0" branch="False" />
            <line number="113" hits="2" branch="False" />
          </lines>
        </class>
        <class name="Application.Controllers.Categories.CategorieController/&lt;UpdateCategorie&gt;d__3" filename="Application\Controllers\Categories\CategorieController.cs" line-rate="1" branch-rate="1" complexity="1">
          <methods>
            <method name="MoveNext" signature="()" line-rate="1" branch-rate="1" complexity="1">
              <lines>
                <line number="40" hits="2" branch="False" />
                <line number="41" hits="2" branch="False" />
                <line number="44" hits="2" branch="False" />
                <line number="45" hits="2" branch="False" />
                <line number="46" hits="2" branch="False" />
                <line number="47" hits="2" branch="False" />
                <line number="49" hits="1" branch="False" />
                <line number="51" hits="1" branch="False" />
                <line number="53" hits="1" branch="False" />
                <line number="54" hits="1" branch="False" />
                <line number="55" hits="1" branch="False" />
                <line number="57" hits="2" branch="False" />
              </lines>
            </method>
          </methods>
          <lines>
            <line number="40" hits="2" branch="False" />
            <line number="41" hits="2" branch="False" />
            <line number="44" hits="2" branch="False" />
            <line number="45" hits="2" branch="False" />
            <line number="46" hits="2" branch="False" />
            <line number="47" hits="2" branch="False" />
            <line number="49" hits="1" branch="False" />
            <line number="51" hits="1" branch="False" />
            <line number="53" hits="1" branch="False" />
            <line number="54" hits="1" branch="False" />
            <line number="55" hits="1" branch="False" />
            <line number="57" hits="2" branch="False" />
          </lines>
        </class>
      </classes>
    </package>
    <package name="Domain" line-rate="1" branch-rate="1" complexity="8">
      <classes>
        <class name="Domain.Entities.Categorie" filename="Domain\Entities\Categorie.cs" line-rate="1" branch-rate="1" complexity="8">
          <methods>
            <method name="get_CreatedAt" signature="()" line-rate="1" branch-rate="1" complexity="1">
              <lines>
                <line number="21" hits="34" branch="False" />
              </lines>
            </method>
            <method name="get_Id" signature="()" line-rate="1" branch-rate="1" complexity="1">
              <lines>
                <line number="23" hits="40" branch="False" />
              </lines>
            </method>
            <method name="get_Name" signature="()" line-rate="1" branch-rate="1" complexity="1">
              <lines>
                <line number="25" hits="53" branch="False" />
              </lines>
            </method>
            <method name="get_IsEditavel" signature="()" line-rate="1" branch-rate="1" complexity="1">
              <lines>
                <line number="27" hits="40" branch="False" />
              </lines>
            </method>
            <method name="IsLanche" signature="()" line-rate="1" branch-rate="1" complexity="1">
              <lines>
                <line number="30" hits="10" branch="False" />
                <line number="31" hits="10" branch="False" />
                <line number="32" hits="10" branch="False" />
              </lines>
            </method>
            <method name=".ctor" signature="(System.String,System.Guid,System.DateTime,System.Boolean)" line-rate="1" branch-rate="1" complexity="1">
              <lines>
                <line number="5" hits="12" branch="False" />
                <line number="6" hits="12" branch="False" />
                <line number="7" hits="12" branch="False" />
                <line number="8" hits="12" branch="False" />
                <line number="9" hits="12" branch="False" />
                <line number="10" hits="12" branch="False" />
                <line number="11" hits="12" branch="False" />
              </lines>
            </method>
            <method name=".ctor" signature="(System.String,System.Boolean)" line-rate="1" branch-rate="1" complexity="1">
              <lines>
                <line number="12" hits="13" branch="False" />
                <line number="13" hits="13" branch="False" />
                <line number="14" hits="13" branch="False" />
                <line number="15" hits="13" branch="False" />
                <line number="16" hits="13" branch="False" />
                <line number="17" hits="13" branch="False" />
                <line number="18" hits="13" branch="False" />
              </lines>
            </method>
            <method name=".ctor" signature="()" line-rate="1" branch-rate="1" complexity="1">
              <lines>
                <line number="19" hits="3" branch="False" />
              </lines>
            </method>
          </methods>
          <lines>
            <line number="21" hits="34" branch="False" />
            <line number="23" hits="40" branch="False" />
            <line number="25" hits="53" branch="False" />
            <line number="27" hits="40" branch="False" />
            <line number="30" hits="10" branch="False" />
            <line number="31" hits="10" branch="False" />
            <line number="32" hits="10" branch="False" />
            <line number="5" hits="12" branch="False" />
            <line number="6" hits="12" branch="False" />
            <line number="7" hits="12" branch="False" />
            <line number="8" hits="12" branch="False" />
            <line number="9" hits="12" branch="False" />
            <line number="10" hits="12" branch="False" />
            <line number="11" hits="12" branch="False" />
            <line number="12" hits="13" branch="False" />
            <line number="13" hits="13" branch="False" />
            <line number="14" hits="13" branch="False" />
            <line number="15" hits="13" branch="False" />
            <line number="16" hits="13" branch="False" />
            <line number="17" hits="13" branch="False" />
            <line number="18" hits="13" branch="False" />
            <line number="19" hits="3" branch="False" />
          </lines>
        </class>
      </classes>
    </package>
    <package name="Infrastructure" line-rate="0" branch-rate="1" complexity="1">
      <classes>
        <class name="Infrastructure.ModelsConfiguration.CategorieDbModelConfiguration" filename="Infrastructure\ModelsConfiguration\CategorieDbModelConfiguration.cs" line-rate="0" branch-rate="1" complexity="1">
          <methods>
            <method name="Configure" signature="(Microsoft.EntityFrameworkCore.Metadata.Builders.EntityTypeBuilder`1&lt;Infrastructure.DbModels.CategorieDbModel&gt;)" line-rate="0" branch-rate="1" complexity="1">
              <lines>
                <line number="10" hits="0" branch="False" />
                <line number="11" hits="0" branch="False" />
                <line number="13" hits="0" branch="False" />
                <line number="15" hits="0" branch="False" />
                <line number="16" hits="0" branch="False" />
                <line number="18" hits="0" branch="False" />
                <line number="19" hits="0" branch="False" />
                <line number="20" hits="0" branch="False" />
                <line number="22" hits="0" branch="False" />
                <line number="23" hits="0" branch="False" />
                <line number="25" hits="0" branch="False" />
                <line number="27" hits="0" branch="False" />
              </lines>
            </method>
          </methods>
          <lines>
            <line number="10" hits="0" branch="False" />
            <line number="11" hits="0" branch="False" />
            <line number="13" hits="0" branch="False" />
            <line number="15" hits="0" branch="False" />
            <line number="16" hits="0" branch="False" />
            <line number="18" hits="0" branch="False" />
            <line number="19" hits="0" branch="False" />
            <line number="20" hits="0" branch="False" />
            <line number="22" hits="0" branch="False" />
            <line number="23" hits="0" branch="False" />
            <line number="25" hits="0" branch="False" />
            <line number="27" hits="0" branch="False" />
          </lines>
        </class>
      </classes>
    </package>
    <package name="Shared" line-rate="1" branch-rate="1" complexity="38">
      <classes>
        <class name="Shared.Result.CommandResult" filename="Shared\Result\CommandResult.cs" line-rate="1" branch-rate="1" complexity="15">
          <methods>
            <method name="get_Messages" signature="()" line-rate="1" branch-rate="1" complexity="1">
              <lines>
                <line number="15" hits="93" branch="False" />
              </lines>
            </method>
            <method name="get_Succeeded" signature="()" line-rate="1" branch-rate="1" complexity="1">
              <lines>
                <line number="18" hits="69" branch="False" />
              </lines>
            </method>
            <method name="get_Conflict" signature="()" line-rate="1" branch-rate="1" complexity="1">
              <lines>
                <line number="21" hits="6" branch="False" />
              </lines>
            </method>
            <method name="Fail" signature="()" line-rate="1" branch-rate="1" complexity="1">
              <lines>
                <line number="25" hits="2" branch="False" />
                <line number="26" hits="2" branch="False" />
                <line number="27" hits="2" branch="False" />
              </lines>
            </method>
            <method name="Fail" signature="(System.String)" line-rate="1" branch-rate="1" complexity="1">
              <lines>
                <line number="30" hits="2" branch="False" />
                <line number="31" hits="2" branch="False" />
                <line number="32" hits="2" branch="False" />
              </lines>
            </method>
            <method name="Fail" signature="(System.Collections.Generic.List`1&lt;System.String&gt;)" line-rate="1" branch-rate="1" complexity="1">
              <lines>
                <line number="35" hits="2" branch="False" />
                <line number="36" hits="2" branch="False" />
                <line number="37" hits="2" branch="False" />
              </lines>
            </method>
            <method name="FailAsync" signature="()" line-rate="1" branch-rate="1" complexity="1">
              <lines>
                <line number="40" hits="1" branch="False" />
                <line number="41" hits="1" branch="False" />
                <line number="42" hits="1" branch="False" />
              </lines>
            </method>
            <method name="FailAsync" signature="(System.String)" line-rate="1" branch-rate="1" complexity="1">
              <lines>
                <line number="45" hits="1" branch="False" />
                <line number="46" hits="1" branch="False" />
                <line number="47" hits="1" branch="False" />
              </lines>
            </method>
            <method name="FailAsync" signature="(System.Collections.Generic.List`1&lt;System.String&gt;)" line-rate="1" branch-rate="1" complexity="1">
              <lines>
                <line number="50" hits="1" branch="False" />
                <line number="51" hits="1" branch="False" />
                <line number="52" hits="1" branch="False" />
              </lines>
            </method>
            <method name="Success" signature="()" line-rate="1" branch-rate="1" complexity="1">
              <lines>
                <line number="55" hits="2" branch="False" />
                <line number="56" hits="2" branch="False" />
                <line number="57" hits="2" branch="False" />
              </lines>
            </method>
            <method name="Success" signature="(System.String)" line-rate="1" branch-rate="1" complexity="1">
              <lines>
                <line number="60" hits="3" branch="False" />
                <line number="61" hits="3" branch="False" />
                <line number="62" hits="3" branch="False" />
              </lines>
            </method>
            <method name="SuccessAsync" signature="()" line-rate="1" branch-rate="1" complexity="1">
              <lines>
                <line number="65" hits="1" branch="False" />
                <line number="66" hits="1" branch="False" />
                <line number="67" hits="1" branch="False" />
              </lines>
            </method>
            <method name="SuccessAsync" signature="(System.String)" line-rate="1" branch-rate="1" complexity="1">
              <lines>
                <line number="70" hits="1" branch="False" />
                <line number="71" hits="1" branch="False" />
                <line number="72" hits="1" branch="False" />
              </lines>
            </method>
            <method name="ConflictReturn" signature="(System.String)" line-rate="1" branch-rate="1" complexity="1">
              <lines>
                <line number="75" hits="1" branch="False" />
                <line number="76" hits="1" branch="False" />
                <line number="77" hits="1" branch="False" />
              </lines>
            </method>
            <method name=".ctor" signature="()" line-rate="1" branch-rate="1" complexity="1">
              <lines>
                <line number="10" hits="42" branch="False" />
                <line number="11" hits="42" branch="False" />
                <line number="12" hits="42" branch="False" />
              </lines>
            </method>
          </methods>
          <lines>
            <line number="15" hits="93" branch="False" />
            <line number="18" hits="69" branch="False" />
            <line number="21" hits="6" branch="False" />
            <line number="25" hits="2" branch="False" />
            <line number="26" hits="2" branch="False" />
            <line number="27" hits="2" branch="False" />
            <line number="30" hits="2" branch="False" />
            <line number="31" hits="2" branch="False" />
            <line number="32" hits="2" branch="False" />
            <line number="35" hits="2" branch="False" />
            <line number="36" hits="2" branch="False" />
            <line number="37" hits="2" branch="False" />
            <line number="40" hits="1" branch="False" />
            <line number="41" hits="1" branch="False" />
            <line number="42" hits="1" branch="False" />
            <line number="45" hits="1" branch="False" />
            <line number="46" hits="1" branch="False" />
            <line number="47" hits="1" branch="False" />
            <line number="50" hits="1" branch="False" />
            <line number="51" hits="1" branch="False" />
            <line number="52" hits="1" branch="False" />
            <line number="55" hits="2" branch="False" />
            <line number="56" hits="2" branch="False" />
            <line number="57" hits="2" branch="False" />
            <line number="60" hits="3" branch="False" />
            <line number="61" hits="3" branch="False" />
            <line number="62" hits="3" branch="False" />
            <line number="65" hits="1" branch="False" />
            <line number="66" hits="1" branch="False" />
            <line number="67" hits="1" branch="False" />
            <line number="70" hits="1" branch="False" />
            <line number="71" hits="1" branch="False" />
            <line number="72" hits="1" branch="False" />
            <line number="75" hits="1" branch="False" />
            <line number="76" hits="1" branch="False" />
            <line number="77" hits="1" branch="False" />
            <line number="10" hits="42" branch="False" />
            <line number="11" hits="42" branch="False" />
            <line number="12" hits="42" branch="False" />
          </lines>
        </class>
        <class name="Shared.Result.CommandResult`1" filename="Shared\Result\CommandResult.cs" line-rate="1" branch-rate="1" complexity="23">
          <methods>
            <method name="get_Data" signature="()" line-rate="1" branch-rate="1" complexity="1">
              <lines>
                <line number="86" hits="28" branch="False" />
              </lines>
            </method>
            <method name="Fail" signature="()" line-rate="1" branch-rate="1" complexity="1">
              <lines>
                <line number="89" hits="2" branch="False" />
                <line number="90" hits="2" branch="False" />
                <line number="91" hits="2" branch="False" />
              </lines>
            </method>
            <method name="Fail" signature="(System.String)" line-rate="1" branch-rate="1" complexity="1">
              <lines>
                <line number="94" hits="6" branch="False" />
                <line number="95" hits="6" branch="False" />
                <line number="96" hits="6" branch="False" />
              </lines>
            </method>
            <method name="ConflictReturn" signature="(System.String)" line-rate="1" branch-rate="1" complexity="1">
              <lines>
                <line number="99" hits="2" branch="False" />
                <line number="100" hits="2" branch="False" />
                <line number="101" hits="2" branch="False" />
              </lines>
            </method>
            <method name="Fail" signature="(T)" line-rate="1" branch-rate="1" complexity="1">
              <lines>
                <line number="104" hits="2" branch="False" />
                <line number="105" hits="2" branch="False" />
                <line number="106" hits="2" branch="False" />
              </lines>
            </method>
            <method name="Fail" signature="(T,System.String)" line-rate="1" branch-rate="1" complexity="1">
              <lines>
                <line number="109" hits="2" branch="False" />
                <line number="110" hits="2" branch="False" />
                <line number="111" hits="2" branch="False" />
              </lines>
            </method>
            <method name="Fail" signature="(System.Collections.Generic.List`1&lt;System.String&gt;)" line-rate="1" branch-rate="1" complexity="1">
              <lines>
                <line number="114" hits="2" branch="False" />
                <line number="115" hits="2" branch="False" />
                <line number="116" hits="2" branch="False" />
              </lines>
            </method>
            <method name="Fail" signature="(T,System.Collections.Generic.List`1&lt;System.String&gt;)" line-rate="1" branch-rate="1" complexity="1">
              <lines>
                <line number="119" hits="2" branch="False" />
                <line number="120" hits="2" branch="False" />
                <line number="121" hits="2" branch="False" />
              </lines>
            </method>
            <method name="FailAsync" signature="()" line-rate="1" branch-rate="1" complexity="1">
              <lines>
                <line number="124" hits="1" branch="False" />
                <line number="125" hits="1" branch="False" />
                <line number="126" hits="1" branch="False" />
              </lines>
            </method>
            <method name="FailAsync" signature="(System.String)" line-rate="1" branch-rate="1" complexity="1">
              <lines>
                <line number="129" hits="1" branch="False" />
                <line number="130" hits="1" branch="False" />
                <line number="131" hits="1" branch="False" />
              </lines>
            </method>
            <method name="FailAsync" signature="(System.Collections.Generic.List`1&lt;System.String&gt;)" line-rate="1" branch-rate="1" complexity="1">
              <lines>
                <line number="134" hits="1" branch="False" />
                <line number="135" hits="1" branch="False" />
                <line number="136" hits="1" branch="False" />
              </lines>
            </method>
            <method name="FailAsync" signature="(T,System.Collections.Generic.List`1&lt;System.String&gt;)" line-rate="1" branch-rate="1" complexity="1">
              <lines>
                <line number="139" hits="1" branch="False" />
                <line number="140" hits="1" branch="False" />
                <line number="141" hits="1" branch="False" />
              </lines>
            </method>
            <method name="FailAsync" signature="(T,System.String)" line-rate="1" branch-rate="1" complexity="1">
              <lines>
                <line number="144" hits="1" branch="False" />
                <line number="145" hits="1" branch="False" />
                <line number="146" hits="1" branch="False" />
              </lines>
            </method>
            <method name="FailAsync" signature="(T)" line-rate="1" branch-rate="1" complexity="1">
              <lines>
                <line number="149" hits="1" branch="False" />
                <line number="150" hits="1" branch="False" />
                <line number="151" hits="1" branch="False" />
              </lines>
            </method>
            <method name="Success" signature="()" line-rate="1" branch-rate="1" complexity="1">
              <lines>
                <line number="154" hits="1" branch="False" />
                <line number="155" hits="1" branch="False" />
                <line number="156" hits="1" branch="False" />
              </lines>
            </method>
            <method name="Success" signature="(System.String)" line-rate="1" branch-rate="1" complexity="1">
              <lines>
                <line number="159" hits="2" branch="False" />
                <line number="160" hits="2" branch="False" />
                <line number="161" hits="2" branch="False" />
              </lines>
            </method>
            <method name="Success" signature="(T)" line-rate="1" branch-rate="1" complexity="1">
              <lines>
                <line number="164" hits="3" branch="False" />
                <line number="165" hits="3" branch="False" />
                <line number="166" hits="3" branch="False" />
              </lines>
            </method>
            <method name="Success" signature="(T,System.String)" line-rate="1" branch-rate="1" complexity="1">
              <lines>
                <line number="169" hits="5" branch="False" />
                <line number="170" hits="5" branch="False" />
                <line number="171" hits="5" branch="False" />
              </lines>
            </method>
            <method name="Success" signature="(T,System.Collections.Generic.List`1&lt;System.String&gt;)" line-rate="1" branch-rate="1" complexity="1">
              <lines>
                <line number="174" hits="1" branch="False" />
                <line number="175" hits="1" branch="False" />
                <line number="176" hits="1" branch="False" />
              </lines>
            </method>
            <method name="SuccessAsync" signature="(System.String)" line-rate="1" branch-rate="1" complexity="1">
              <lines>
                <line number="179" hits="1" branch="False" />
                <line number="180" hits="1" branch="False" />
                <line number="181" hits="1" branch="False" />
              </lines>
            </method>
            <method name="SuccessAsync" signature="(T)" line-rate="1" branch-rate="1" complexity="1">
              <lines>
                <line number="184" hits="1" branch="False" />
                <line number="185" hits="1" branch="False" />
                <line number="186" hits="1" branch="False" />
              </lines>
            </method>
            <method name="SuccessAsync" signature="(T,System.String)" line-rate="1" branch-rate="1" complexity="1">
              <lines>
                <line number="189" hits="1" branch="False" />
                <line number="190" hits="1" branch="False" />
                <line number="191" hits="1" branch="False" />
              </lines>
            </method>
            <method name=".ctor" signature="()" line-rate="1" branch-rate="1" complexity="1">
              <lines>
                <line number="82" hits="30" branch="False" />
                <line number="83" hits="30" branch="False" />
                <line number="84" hits="30" branch="False" />
              </lines>
            </method>
          </methods>
          <lines>
            <line number="86" hits="28" branch="False" />
            <line number="89" hits="2" branch="False" />
            <line number="90" hits="2" branch="False" />
            <line number="91" hits="2" branch="False" />
            <line number="94" hits="6" branch="False" />
            <line number="95" hits="6" branch="False" />
            <line number="96" hits="6" branch="False" />
            <line number="99" hits="2" branch="False" />
            <line number="100" hits="2" branch="False" />
            <line number="101" hits="2" branch="False" />
            <line number="104" hits="2" branch="False" />
            <line number="105" hits="2" branch="False" />
            <line number="106" hits="2" branch="False" />
            <line number="109" hits="2" branch="False" />
            <line number="110" hits="2" branch="False" />
            <line number="111" hits="2" branch="False" />
            <line number="114" hits="2" branch="False" />
            <line number="115" hits="2" branch="False" />
            <line number="116" hits="2" branch="False" />
            <line number="119" hits="2" branch="False" />
            <line number="120" hits="2" branch="False" />
            <line number="121" hits="2" branch="False" />
            <line number="124" hits="1" branch="False" />
            <line number="125" hits="1" branch="False" />
            <line number="126" hits="1" branch="False" />
            <line number="129" hits="1" branch="False" />
            <line number="130" hits="1" branch="False" />
            <line number="131" hits="1" branch="False" />
            <line number="134" hits="1" branch="False" />
            <line number="135" hits="1" branch="False" />
            <line number="136" hits="1" branch="False" />
            <line number="139" hits="1" branch="False" />
            <line number="140" hits="1" branch="False" />
            <line number="141" hits="1" branch="False" />
            <line number="144" hits="1" branch="False" />
            <line number="145" hits="1" branch="False" />
            <line number="146" hits="1" branch="False" />
            <line number="149" hits="1" branch="False" />
            <line number="150" hits="1" branch="False" />
            <line number="151" hits="1" branch="False" />
            <line number="154" hits="1" branch="False" />
            <line number="155" hits="1" branch="False" />
            <line number="156" hits="1" branch="False" />
            <line number="159" hits="2" branch="False" />
            <line number="160" hits="2" branch="False" />
            <line number="161" hits="2" branch="False" />
            <line number="164" hits="3" branch="False" />
            <line number="165" hits="3" branch="False" />
            <line number="166" hits="3" branch="False" />
            <line number="169" hits="5" branch="False" />
            <line number="170" hits="5" branch="False" />
            <line number="171" hits="5" branch="False" />
            <line number="174" hits="1" branch="False" />
            <line number="175" hits="1" branch="False" />
            <line number="176" hits="1" branch="False" />
            <line number="179" hits="1" branch="False" />
            <line number="180" hits="1" branch="False" />
            <line number="181" hits="1" branch="False" />
            <line number="184" hits="1" branch="False" />
            <line number="185" hits="1" branch="False" />
            <line number="186" hits="1" branch="False" />
            <line number="189" hits="1" branch="False" />
            <line number="190" hits="1" branch="False" />
            <line number="191" hits="1" branch="False" />
            <line number="82" hits="30" branch="False" />
            <line number="83" hits="30" branch="False" />
            <line number="84" hits="30" branch="False" />
          </lines>
        </class>
      </classes>
    </package>
  </packages>
</coverage>